<?xml version="1.0" encoding="UTF-8"?>
<testsuite xmlns:xsi="http://www.w3.org/2001/XMLSchema-instance" xsi:noNamespaceSchemaLocation="https://maven.apache.org/surefire/maven-surefire-plugin/xsd/surefire-test-report-3.0.xsd" version="3.0" name="com.mycompany.practicalassignment.seriestest" time="0.093" tests="7" errors="0" skipped="0" failures="0">
  <properties>
[...]
</properties>
  <testcase name="testIsValidAge_valid" classname="com.mycompany.practicalassignment.seriestest" time="0.035"/>
  <testcase name="testDeleteSeriesById_success" classname="com.mycompany.practicalassignment.seriestest" time="0.004"/>
  <testcase name="testAddAndSearchSeries" classname="com.mycompany.practicalassignment.seriestest" time="0.006"/>
  <testcase name="testIsValidAge_invalid" classname="com.mycompany.practicalassignment.seriestest" time="0.002"/>
  <testcase name="testUpdateSeries_keepValues" classname="com.mycompany.practicalassignment.seriestest" time="0.002"/>
  <testcase name="testSearchSeriesNotFound" classname="com.mycompany.practicalassignment.seriestest" time="0.001"/>
  <testcase name="testDeleteSeriesById_fail" classname="com.mycompany.practicalassignment.seriestest" time="0.002"/>
</testsuite>